\BOOKMARK [0][-]{chapter*.7}{Introduction}{}% 1
\BOOKMARK [-1][-]{part.1}{I Tools}{}% 2
\BOOKMARK [0][-]{chapter.1}{Quantum theory}{part.1}% 3
\BOOKMARK [1][-]{section.1.1}{States}{chapter.1}% 4
\BOOKMARK [1][-]{section.1.2}{Transformations}{chapter.1}% 5
\BOOKMARK [1][-]{section.1.3}{Measurements}{chapter.1}% 6
\BOOKMARK [1][-]{section.1.4}{Gell-Mann operators and Bloch vectors}{chapter.1}% 7
\BOOKMARK [0][-]{chapter.2}{Convexity and optimization}{part.1}% 8
\BOOKMARK [1][-]{section.2.1}{Convexity}{chapter.2}% 9
\BOOKMARK [1][-]{section.2.2}{Optimization}{chapter.2}% 10
\BOOKMARK [2][-]{subsection.2.2.1}{Linear programming}{section.2.2}% 11
\BOOKMARK [2][-]{subsection.2.2.2}{Semidefinite programming}{section.2.2}% 12
\BOOKMARK [3][-]{subsubsection.2.2.2.1}{Joint measurability robustness}{subsection.2.2.2}% 13
\BOOKMARK [-1][-]{part.2}{II Prepare and measure}{}% 14
\BOOKMARK [0][-]{chapter.3}{The prepare and measure scenario}{part.2}% 15
\BOOKMARK [1][-]{section.3.1}{Prepare and measure behaviors}{chapter.3}% 16
\BOOKMARK [2][-]{subsection.3.1.1}{Classical preparations}{section.3.1}% 17
\BOOKMARK [2][-]{subsection.3.1.2}{Quantum preparations}{section.3.1}% 18
\BOOKMARK [1][-]{section.3.2}{Prepare and measure communication protocols}{chapter.3}% 19
\BOOKMARK [2][-]{subsection.3.2.1}{Random access coding}{section.3.2}% 20
\BOOKMARK [2][-]{subsection.3.2.2}{Dense coding}{section.3.2}% 21
\BOOKMARK [0][-]{chapter.4}{Classicality in the prepare and measure scenario}{part.2}% 22
\BOOKMARK [1][-]{section.4.1}{Classicality of preparations}{chapter.4}% 23
\BOOKMARK [2][-]{subsection.4.1.1}{Nonclassicality activation and quantum advantage in a RAC}{section.4.1}% 24
\BOOKMARK [1][-]{section.4.2}{Classicality of measurements}{chapter.4}% 25
\BOOKMARK [2][-]{subsection.4.2.1}{Measurement incompatibility is insufficient for nonclassicality}{section.4.2}% 26
\BOOKMARK [1][-]{section.4.3}{Open questions}{chapter.4}% 27
\BOOKMARK [0][-]{chapter.5}{Dense coding in the prepare and measure scenario}{part.2}% 28
\BOOKMARK [1][-]{section.5.1}{Semi-device-independent dense coding}{chapter.5}% 29
\BOOKMARK [1][-]{section.5.2}{Witnessing and self-testing entanglement}{chapter.5}% 30
\BOOKMARK [1][-]{section.5.3}{Optimizing the dense coding probability of success}{chapter.5}% 31
\BOOKMARK [1][-]{section.5.4}{Open questions}{chapter.5}% 32
\BOOKMARK [0][-]{section*.8}{Appendices}{part.2}% 33
\BOOKMARK [0][-]{Appendix.a.A}{Appendix Computational details for chap. 4}{part.2}% 34
\BOOKMARK [0][-]{Appendix.a.B}{Appendix Proofs for chap. 5}{part.2}% 35
\BOOKMARK [1][-]{section.a.B.1}{Mathematical tools}{Appendix.a.B}% 36
\BOOKMARK [1][-]{section.a.B.2}{Proofs}{Appendix.a.B}% 37
\BOOKMARK [0][-]{chapter*.9}{Bibliography}{part.2}% 38
